d:\.martysama\s3ll_pack\m2_client\client\etergrnlib\distribute\etergrnlib.pch
d:\.martysama\s3ll_pack\m2_client\client\etergrnlib\distribute\etergrnlib.pdb
d:\.martysama\s3ll_pack\m2_client\client\etergrnlib\distribute\stdafx.obj
d:\.martysama\s3ll_pack\m2_client\client\etergrnlib\distribute\stdafx.cod
d:\.martysama\s3ll_pack\m2_client\client\etergrnlib\distribute\util.obj
d:\.martysama\s3ll_pack\m2_client\client\etergrnlib\distribute\util.cod
d:\.martysama\s3ll_pack\m2_client\client\etergrnlib\distribute\thinginstance.obj
d:\.martysama\s3ll_pack\m2_client\client\etergrnlib\distribute\thinginstance.cod
d:\.martysama\s3ll_pack\m2_client\client\etergrnlib\distribute\thing.obj
d:\.martysama\s3ll_pack\m2_client\client\etergrnlib\distribute\thing.cod
d:\.martysama\s3ll_pack\m2_client\client\etergrnlib\distribute\motion.obj
d:\.martysama\s3ll_pack\m2_client\client\etergrnlib\distribute\motion.cod
d:\.martysama\s3ll_pack\m2_client\client\etergrnlib\distribute\modelinstanceupdate.obj
d:\.martysama\s3ll_pack\m2_client\client\etergrnlib\distribute\modelinstanceupdate.cod
d:\.martysama\s3ll_pack\m2_client\client\etergrnlib\distribute\modelinstancerender.obj
d:\.martysama\s3ll_pack\m2_client\client\etergrnlib\distribute\modelinstancerender.cod
d:\.martysama\s3ll_pack\m2_client\client\etergrnlib\distribute\modelinstancemotion.obj
d:\.martysama\s3ll_pack\m2_client\client\etergrnlib\distribute\modelinstancemotion.cod
d:\.martysama\s3ll_pack\m2_client\client\etergrnlib\distribute\modelinstancemodel.obj
d:\.martysama\s3ll_pack\m2_client\client\etergrnlib\distribute\modelinstancemodel.cod
d:\.martysama\s3ll_pack\m2_client\client\etergrnlib\distribute\modelinstancecollisiondetection.obj
d:\.martysama\s3ll_pack\m2_client\client\etergrnlib\distribute\modelinstancecollisiondetection.cod
d:\.martysama\s3ll_pack\m2_client\client\etergrnlib\distribute\modelinstance.obj
d:\.martysama\s3ll_pack\m2_client\client\etergrnlib\distribute\modelinstance.cod
d:\.martysama\s3ll_pack\m2_client\client\etergrnlib\distribute\model.obj
d:\.martysama\s3ll_pack\m2_client\client\etergrnlib\distribute\model.cod
d:\.martysama\s3ll_pack\m2_client\client\etergrnlib\distribute\mesh.obj
d:\.martysama\s3ll_pack\m2_client\client\etergrnlib\distribute\mesh.cod
d:\.martysama\s3ll_pack\m2_client\client\etergrnlib\distribute\material.obj
d:\.martysama\s3ll_pack\m2_client\client\etergrnlib\distribute\material.cod
d:\.martysama\s3ll_pack\m2_client\client\etergrnlib\distribute\lodcontroller.obj
d:\.martysama\s3ll_pack\m2_client\client\etergrnlib\distribute\lodcontroller.cod
d:\.martysama\s3ll_pack\m2_client\client\etergrnlib\distribute\etergrnlib.lib
d:\.martysama\s3ll_pack\m2_client\client\etergrnlib\distribute\etergrnlib.tlog\cl.command.1.tlog
d:\.martysama\s3ll_pack\m2_client\client\etergrnlib\distribute\etergrnlib.tlog\cl.read.1.tlog
d:\.martysama\s3ll_pack\m2_client\client\etergrnlib\distribute\etergrnlib.tlog\cl.write.1.tlog
d:\.martysama\s3ll_pack\m2_client\client\etergrnlib\distribute\etergrnlib.tlog\lib-link.read.1.tlog
d:\.martysama\s3ll_pack\m2_client\client\etergrnlib\distribute\etergrnlib.tlog\lib-link.write.1.tlog
d:\.martysama\s3ll_pack\m2_client\client\etergrnlib\distribute\etergrnlib.tlog\lib.command.1.tlog
