d:\.martysama\s3ll_pack\m2_client\client\etergrnlib\release\etergrnlib.pch
d:\.martysama\s3ll_pack\m2_client\client\etergrnlib\release\etergrnlib.pdb
d:\.martysama\s3ll_pack\m2_client\client\etergrnlib\release\stdafx.obj
d:\.martysama\s3ll_pack\m2_client\client\etergrnlib\release\mesh.obj
d:\.martysama\s3ll_pack\m2_client\client\etergrnlib\release\modelinstanceupdate.obj
d:\.martysama\s3ll_pack\m2_client\client\etergrnlib\release\modelinstancecollisiondetection.obj
d:\.martysama\s3ll_pack\m2_client\client\etergrnlib\release\util.obj
d:\.martysama\s3ll_pack\m2_client\client\etergrnlib\release\modelinstancemotion.obj
d:\.martysama\s3ll_pack\m2_client\client\etergrnlib\release\thing.obj
d:\.martysama\s3ll_pack\m2_client\client\etergrnlib\release\model.obj
d:\.martysama\s3ll_pack\m2_client\client\etergrnlib\release\motion.obj
d:\.martysama\s3ll_pack\m2_client\client\etergrnlib\release\material.obj
d:\.martysama\s3ll_pack\m2_client\client\etergrnlib\release\modelinstancerender.obj
d:\.martysama\s3ll_pack\m2_client\client\etergrnlib\release\modelinstance.obj
d:\.martysama\s3ll_pack\m2_client\client\etergrnlib\release\lodcontroller.obj
d:\.martysama\s3ll_pack\m2_client\client\etergrnlib\release\modelinstancemodel.obj
d:\.martysama\s3ll_pack\m2_client\client\etergrnlib\release\thinginstance.obj
d:\.martysama\s3ll_pack\m2_client\client\etergrnlib\release\etergrnlib.lib
d:\.martysama\s3ll_pack\m2_client\client\etergrnlib\release\etergrnlib.tlog\cl.command.1.tlog
d:\.martysama\s3ll_pack\m2_client\client\etergrnlib\release\etergrnlib.tlog\cl.read.1.tlog
d:\.martysama\s3ll_pack\m2_client\client\etergrnlib\release\etergrnlib.tlog\cl.write.1.tlog
d:\.martysama\s3ll_pack\m2_client\client\etergrnlib\release\etergrnlib.tlog\lib-link.read.1.tlog
d:\.martysama\s3ll_pack\m2_client\client\etergrnlib\release\etergrnlib.tlog\lib-link.write.1.tlog
d:\.martysama\s3ll_pack\m2_client\client\etergrnlib\release\etergrnlib.tlog\lib.command.1.tlog
